Arguments: 
  /usr/bin/node /usr/share/yarn/bin/yarn.js

PATH: 
  /home/wekesa/.poetry/bin:/home/wekesa/.local/bin:/home/wekesa/.poetry/bin:/home/wekesa/.local/bin:/usr/local/sbin:/usr/local/bin:/usr/sbin:/usr/bin:/sbin:/bin:/usr/games:/usr/local/games:/snap/bin

Yarn version: 
  1.22.5

Node version: 
  10.19.0

Platform: 
  linux x64

Trace: 
  SyntaxError: /home/wekesa/Desktop/playground/intellipro/nation/d3-project/package.json: Unexpected token } in JSON at position 528
      at JSON.parse (<anonymous>)
      at /usr/share/yarn/lib/cli.js:1625:59
      at Generator.next (<anonymous>)
      at step (/usr/share/yarn/lib/cli.js:310:30)
      at /usr/share/yarn/lib/cli.js:321:13

npm manifest: 
  {
    "name": "react-d3-force",
    "version": "0.1.0",
    "private": true,
    "dependencies": {
      "@testing-library/jest-dom": "^4.2.4",
      "@testing-library/react": "^9.3.2",
      "@testing-library/user-event": "^7.1.2",
      "d3": "^5.16.0",
      "neo4j-driver": "^4.2.1",
      "react": "^16.13.1",
      "react-bootstrap-typeahead": "^5.1.2",
      "react-dom": "^16.13.1",
      "react-force-graph": "^1.37.1",
      "react-loader-spinner": "^3.1.14",
      "react-scripts": "3.4.1",
      "react-select": "^3.1.1",
      "serve": "^11.3.2",
    },
    "scripts": {
      "start": "serve -s build",
      "dev": "react-scripts start",
      "build": "react-scripts build",
      "serve": "serve -s build",
      "test": "react-scripts test",
      "eject": "react-scripts eject"
    },
    "eslintConfig": {
      "extends": "react-app"
    },
    "browserslist": {
      "production": [
        ">0.2%",
        "not dead",
        "not op_mini all"
      ],
      "development": [
        "last 1 chrome version",
        "last 1 firefox version",
        "last 1 safari version"
      ]
    }
  }

yarn manifest: 
  No manifest

Lockfile: 
  No lockfile
